<?xml version="1.0" encoding="UTF-8"?>
<!-- Generated by org.testng.reporters.JUnitReportReporter -->
<testsuite hostname="Rahuls-Air.attlocal.net" failures="0" tests="3" name="mavenDmo.ThreadDemo" time="40.379" errors="0" timestamp="2023-12-25T22:19:37 CST" skipped="0">
  <testcase classname="mavenDmo.ThreadDemo" name="LaunchGoogle" time="5.815"/>
  <testcase classname="mavenDmo.ThreadDemo" name="LaunchTutorialsNinja" time="5.877"/>
  <testcase classname="mavenDmo.ThreadDemo" name="LaunchJavaTpoint" time="28.687"/>
</testsuite> <!-- mavenDmo.ThreadDemo -->
