<?xml version="1.0" encoding="UTF-8"?>
<!-- Generated by org.testng.reporters.JUnitReportReporter -->
<testsuite hostname="Rahuls-Air.fios-router.home" failures="0" tests="1" name="mavenDmo.AppTest" time="0.002" errors="0" timestamp="2023-08-08T21:30:51 EDT" skipped="0">
  <testcase classname="mavenDmo.AppTest" name="shouldAnswerWithTrue" time="0.002"/>
</testsuite> <!-- mavenDmo.AppTest -->
