<?xml version="1.0" encoding="UTF-8"?>
<!-- Generated by org.testng.reporters.JUnitReportReporter -->
<testsuite hostname="Rahuls-Air.attlocal.net" failures="0" tests="3" name="mavenDmo.DataProveider" time="0.010" errors="0" timestamp="2023-12-26T22:01:58 CST" skipped="0">
  <testcase classname="mavenDmo.DataProveider" name="setData" time="0.007"/>
  <testcase classname="mavenDmo.DataProveider" name="setData" time="0.001"/>
  <testcase classname="mavenDmo.DataProveider" name="setData" time="0.002"/>
</testsuite> <!-- mavenDmo.DataProveider -->
