<?xml version="1.0" encoding="UTF-8"?>
<!-- Generated by org.testng.reporters.JUnitReportReporter -->
<testsuite hostname="Rahuls-Air.attlocal.net" failures="0" tests="2" name="mavenDmo.PackageXML" time="0.003" errors="0" timestamp="2023-12-26T22:01:58 CST" skipped="0">
  <testcase classname="mavenDmo.PackageXML" name="testMethod_1" time="0.001"/>
  <testcase classname="mavenDmo.PackageXML" name="testMethod_2" time="0.002"/>
</testsuite> <!-- mavenDmo.PackageXML -->
