<?xml version="1.0" encoding="UTF-8"?>
<!-- Generated by org.testng.reporters.JUnitReportReporter -->
<testsuite hostname="Rahuls-Air" failures="0" tests="2" name="mavenDmo.DemoTestNG" time="0.001" errors="0" timestamp="2023-09-04T18:34:20 EDT" skipped="0">
  <testcase classname="mavenDmo.DemoTestNG" name="tc1_launchGooglepage" time="0.000"/>
  <testcase classname="mavenDmo.DemoTestNG" name="tc2_launchlinkedinpage" time="0.001"/>
</testsuite> <!-- mavenDmo.DemoTestNG -->
