<?xml version="1.0" encoding="UTF-8"?>
<!-- Generated by org.testng.reporters.JUnitReportReporter -->
<testsuite hostname="Rahuls-Air.attlocal.net" failures="0" tests="2" name="mavenDmo.SafariDriverDemo" time="7.503" errors="0" timestamp="2023-12-26T22:01:58 CST" skipped="0">
  <testcase classname="mavenDmo.SafariDriverDemo" name="youtube" time="4.989"/>
  <testcase classname="mavenDmo.SafariDriverDemo" name="safaridriverLaunch" time="2.514"/>
</testsuite> <!-- mavenDmo.SafariDriverDemo -->
