<?xml version="1.0" encoding="UTF-8"?>
<!-- Generated by org.testng.reporters.JUnitReportReporter -->
<testsuite hostname="Rahuls-Air.fios-router.home" failures="0" tests="1" name="mavenDmo.TestNGDemo" time="4.840" errors="0" timestamp="2023-08-06T21:40:24 EDT" skipped="0">
  <testcase classname="mavenDmo.TestNGDemo" name="sampleAtuomation" time="4.840"/>
</testsuite> <!-- mavenDmo.TestNGDemo -->
