<?xml version="1.0" encoding="UTF-8"?>
<!-- Generated by org.testng.reporters.JUnitReportReporter -->
<testsuite hostname="Rahuls-Air.attlocal.net" failures="0" tests="3" name="mavenDmo.PackageXML2" time="0.008" errors="0" timestamp="2023-12-26T22:01:58 CST" skipped="0">
  <testcase classname="mavenDmo.PackageXML2" name="testMethod_3" time="0.005"/>
  <testcase classname="mavenDmo.PackageXML2" name="testMethod_4" time="0.002"/>
  <testcase classname="mavenDmo.PackageXML2" name="testMethod_5" time="0.001"/>
</testsuite> <!-- mavenDmo.PackageXML2 -->
