<?xml version="1.0" encoding="UTF-8"?>
<!-- Generated by org.testng.reporters.JUnitReportReporter -->
<testsuite hostname="Rahuls-Air.attlocal.net" failures="0" tests="10" name="mavenDmo.InvocationCount" time="0.019" errors="0" timestamp="2023-12-23T22:19:38 CST" skipped="0">
  <testcase classname="mavenDmo.InvocationCount" name="f" time="0.001"/>
  <testcase classname="mavenDmo.InvocationCount" name="f" time="0.001"/>
  <testcase classname="mavenDmo.InvocationCount" name="f" time="0.008"/>
  <testcase classname="mavenDmo.InvocationCount" name="f" time="0.001"/>
  <testcase classname="mavenDmo.InvocationCount" name="f" time="0.002"/>
  <testcase classname="mavenDmo.InvocationCount" name="f" time="0.001"/>
  <testcase classname="mavenDmo.InvocationCount" name="f" time="0.001"/>
  <testcase classname="mavenDmo.InvocationCount" name="f" time="0.002"/>
  <testcase classname="mavenDmo.InvocationCount" name="f" time="0.001"/>
  <testcase classname="mavenDmo.InvocationCount" name="f" time="0.001"/>
</testsuite> <!-- mavenDmo.InvocationCount -->
