<?xml version="1.0" encoding="UTF-8"?>
<!-- Generated by org.testng.reporters.JUnitReportReporter -->
<testsuite hostname="Rahuls-Air" failures="0" tests="1" name="mavenDmo.VerifyingGoogleTitle" time="1.883" errors="0" timestamp="2023-09-04T18:34:20 EDT" skipped="0">
  <testcase classname="mavenDmo.VerifyingGoogleTitle" name="verifytitle" time="1.883"/>
</testsuite> <!-- mavenDmo.VerifyingGoogleTitle -->
